<?xml version="1.0" encoding="UTF-8" standalone="yes"?><!DOCTYPE report PUBLIC "-//JACOCO//DTD Report 1.1//EN" "report.dtd"><report name="text_dungeon"><sessioninfo id="Gigi-G-c64e8f5b" start="1591642152506" dump="1591642152753"/><sessioninfo id="Gigi-G-1ffa11f3" start="1591735750555" dump="1591735750824"/><sessioninfo id="Gigi-G-f4439ef9" start="1591736106473" dump="1591736106726"/><sessioninfo id="Gigi-G-403ed8aa" start="1591736320688" dump="1591736379004"/><sessioninfo id="Gigi-G-18effa1a" start="1591736780897" dump="1591736825391"/><sessioninfo id="Gigi-G-f890cda1" start="1591736917011" dump="1591736930023"/><sessioninfo id="Gigi-G-ec8686b" start="1591737010614" dump="1591737010880"/><sessioninfo id="Gigi-G-cc903fdb" start="1591740281327" dump="1591740281547"/><sessioninfo id="Gigi-G-ff662a3d" start="1591742318204" dump="1591742318475"/><sessioninfo id="Gigi-G-51db9ca8" start="1591742324929" dump="1591742325159"/><sessioninfo id="Gigi-G-ff084ae4" start="1591742360781" dump="1591742361028"/><sessioninfo id="Gigi-G-f092dbb0" start="1591742419642" dump="1591742419879"/><sessioninfo id="Gigi-G-6f003a0f" start="1591742592335" dump="1591742592593"/><sessioninfo id="Gigi-G-7d0413e5" start="1591742628356" dump="1591742628580"/><sessioninfo id="Gigi-G-4fdab91e" start="1591744470467" dump="1591744470702"/><sessioninfo id="Gigi-G-e8574748" start="1591744567474" dump="1591744567706"/><sessioninfo id="Gigi-G-99540878" start="1591744571374" dump="1591744571643"/><sessioninfo id="Gigi-G-4067e2d3" start="1591744624199" dump="1591744624486"/><sessioninfo id="Gigi-G-6a91963f" start="1591819388368" dump="1591819388660"/><sessioninfo id="Gigi-G-9b58794d" start="1591823033582" dump="1591823033867"/><sessioninfo id="Gigi-G-4c7dc285" start="1591824983310" dump="1591824983543"/><sessioninfo id="Gigi-G-9f9d6af2" start="1591825592921" dump="1591825593182"/><sessioninfo id="Gigi-G-77de7701" start="1591826406696" dump="1591826406928"/><sessioninfo id="Gigi-G-4edea227" start="1591826428409" dump="1591826428631"/><sessioninfo id="Gigi-G-f013b23d" start="1591827010079" dump="1591827010342"/><sessioninfo id="Gigi-G-f3489eb9" start="1591827452996" dump="1591827453217"/><sessioninfo id="Gigi-G-6a19e055" start="1591827597225" dump="1591827597489"/><sessioninfo id="Gigi-G-bedd9ece" start="1591827605085" dump="1591827605320"/><sessioninfo id="Gigi-G-2ffc61a1" start="1591827615070" dump="1591827615297"/><sessioninfo id="Gigi-G-1e7e3501" start="1591827620103" dump="1591827620324"/><sessioninfo id="Gigi-G-2071f9fd" start="1591827623674" dump="1591827623891"/><sessioninfo id="Gigi-G-6e47856d" start="1591827627352" dump="1591827627574"/><sessioninfo id="Gigi-G-6b715e8d" start="1591827632204" dump="1591827632423"/><sessioninfo id="Gigi-G-a71e2162" start="1591827636393" dump="1591827636619"/><sessioninfo id="Gigi-G-5cde529" start="1591827898721" dump="1591827899030"/><sessioninfo id="Gigi-G-135b1594" start="1591827937878" dump="1591827938189"/><sessioninfo id="Gigi-G-1febb764" start="1591827942581" dump="1591827942888"/><sessioninfo id="Gigi-G-a91b111" start="1591828070361" dump="1591828070621"/><sessioninfo id="Gigi-G-525bb07e" start="1591828073641" dump="1591828073872"/><sessioninfo id="Gigi-G-a245d250" start="1591828076742" dump="1591828076962"/><sessioninfo id="Gigi-G-8edadc50" start="1591828429060" dump="1591828429281"/><sessioninfo id="Gigi-G-9119f6da" start="1591828521310" dump="1591828521544"/><sessioninfo id="Gigi-G-c93f4946" start="1591829906084" dump="1591829906334"/><sessioninfo id="Gigi-G-56b7e588" start="1591936967048" dump="1591936967338"/><sessioninfo id="Gigi-G-efc1e79f" start="1591937099122" dump="1591937099424"/><sessioninfo id="Gigi-G-605c7799" start="1591937169504" dump="1591937169762"/><sessioninfo id="Gigi-G-f7ff86f2" start="1591937176586" dump="1591937176869"/><sessioninfo id="Gigi-G-b5fb1220" start="1591937313241" dump="1591937313505"/><sessioninfo id="Gigi-G-ceff8aee" start="1591937318653" dump="1591937318945"/><sessioninfo id="Gigi-G-1e83589d" start="1591937496078" dump="1591937496390"/><sessioninfo id="Gigi-G-cad3a1b6" start="1591937500145" dump="1591937500446"/><sessioninfo id="Gigi-G-6c9f7652" start="1591937595867" dump="1591937596137"/><sessioninfo id="Gigi-G-6e7e1ba5" start="1591937599620" dump="1591937599892"/><sessioninfo id="Gigi-G-47f42278" start="1591937603315" dump="1591937603562"/><sessioninfo id="Gigi-G-609cdce2" start="1591937606920" dump="1591937607160"/><sessioninfo id="Gigi-G-dc99eee4" start="1591937610624" dump="1591937610905"/><sessioninfo id="Gigi-G-75d1c08d" start="1591937708492" dump="1591937708773"/><sessioninfo id="Gigi-G-93e2ca4d" start="1591937823006" dump="1591937823269"/><sessioninfo id="Gigi-G-eaf4e01f" start="1591937854960" dump="1591937855215"/><sessioninfo id="Gigi-G-6797c77a" start="1591938053330" dump="1591938053586"/><sessioninfo id="Gigi-G-6d1c3b44" start="1591938057680" dump="1591938057975"/><sessioninfo id="Gigi-G-76996583" start="1591938061399" dump="1591938061710"/><sessioninfo id="Gigi-G-c168bf1" start="1591938065044" dump="1591938065349"/><sessioninfo id="Gigi-G-941e95e4" start="1591938069465" dump="1591938069716"/><sessioninfo id="Gigi-G-6c559b39" start="1591938123101" dump="1591938123423"/><sessioninfo id="Gigi-G-a1190d4d" start="1591938126917" dump="1591938127199"/><sessioninfo id="Gigi-G-76911d10" start="1591938130499" dump="1591938130748"/><sessioninfo id="Gigi-G-69a674da" start="1591938134096" dump="1591938134372"/><sessioninfo id="Gigi-G-de949b28" start="1591938138727" dump="1591938139105"/><sessioninfo id="Gigi-G-c105ba81" start="1591938143797" dump="1591938144147"/><sessioninfo id="Gigi-G-688f7437" start="1591938148742" dump="1591938149011"/><sessioninfo id="Gigi-G-d6f4c61f" start="1591938247642" dump="1591938247900"/><package name="com/seminara/text_dungeon"><class name="com/seminara/text_dungeon/Spada" sourcefilename="Spada.java"><method name="&lt;init&gt;" desc="(Lcom/seminara/text_dungeon/Pietra;)V" line="7"><counter type="INSTRUCTION" missed="0" covered="10"/><counter type="LINE" missed="0" covered="4"/><counter type="COMPLEXITY" missed="0" covered="1"/><counter type="METHOD" missed="0" covered="1"/></method><method name="getTipo" desc="()Ljava/lang/String;" line="14"><counter type="INSTRUCTION" missed="0" covered="9"/><counter type="LINE" missed="0" covered="1"/><counter type="COMPLEXITY" missed="0" covered="1"/><counter type="METHOD" missed="0" covered="1"/></method><method name="nomePietra" desc="()Ljava/lang/String;" line="18"><counter type="INSTRUCTION" missed="0" covered="4"/><counter type="LINE" missed="0" covered="1"/><counter type="COMPLEXITY" missed="0" covered="1"/><counter type="METHOD" missed="0" covered="1"/></method><method name="getDanno" desc="()F" line="23"><counter type="INSTRUCTION" missed="0" covered="7"/><counter type="LINE" missed="0" covered="1"/><counter type="COMPLEXITY" missed="0" covered="1"/><counter type="METHOD" missed="0" covered="1"/></method><method name="generaDanno" desc="()F" line="28"><counter type="INSTRUCTION" missed="0" covered="7"/><counter type="LINE" missed="0" covered="1"/><counter type="COMPLEXITY" missed="0" covered="1"/><counter type="METHOD" missed="0" covered="1"/></method><counter type="INSTRUCTION" missed="0" covered="37"/><counter type="LINE" missed="0" covered="8"/><counter type="COMPLEXITY" missed="0" covered="5"/><counter type="METHOD" missed="0" covered="5"/><counter type="CLASS" missed="0" covered="1"/></class><class name="com/seminara/text_dungeon/Pietra" sourcefilename="Pietra.java"/><class name="com/seminara/text_dungeon/PietraBianca" sourcefilename="PietraBianca.java"><method name="&lt;init&gt;" desc="()V" line="3"><counter type="INSTRUCTION" missed="0" covered="3"/><counter type="LINE" missed="0" covered="1"/><counter type="COMPLEXITY" missed="0" covered="1"/><counter type="METHOD" missed="0" covered="1"/></method><method name="getTipo" desc="()Ljava/lang/String;" line="7"><counter type="INSTRUCTION" missed="0" covered="2"/><counter type="LINE" missed="0" covered="1"/><counter type="COMPLEXITY" missed="0" covered="1"/><counter type="METHOD" missed="0" covered="1"/></method><method name="moltiplicatoreDanno" desc="()F" line="12"><counter type="INSTRUCTION" missed="0" covered="7"/><counter type="BRANCH" missed="0" covered="2"/><counter type="LINE" missed="0" covered="3"/><counter type="COMPLEXITY" missed="0" covered="2"/><counter type="METHOD" missed="0" covered="1"/></method><method name="probabilitaAumentoDanno" desc="()Z" line="19"><counter type="INSTRUCTION" missed="0" covered="8"/><counter type="BRANCH" missed="0" covered="2"/><counter type="LINE" missed="0" covered="1"/><counter type="COMPLEXITY" missed="0" covered="2"/><counter type="METHOD" missed="0" covered="1"/></method><counter type="INSTRUCTION" missed="0" covered="20"/><counter type="BRANCH" missed="0" covered="4"/><counter type="LINE" missed="0" covered="6"/><counter type="COMPLEXITY" missed="0" covered="6"/><counter type="METHOD" missed="0" covered="4"/><counter type="CLASS" missed="0" covered="1"/></class><class name="com/seminara/text_dungeon/Mannaia" sourcefilename="Mannaia.java"><method name="&lt;init&gt;" desc="(Lcom/seminara/text_dungeon/Pietra;)V" line="7"><counter type="INSTRUCTION" missed="0" covered="10"/><counter type="LINE" missed="0" covered="4"/><counter type="COMPLEXITY" missed="0" covered="1"/><counter type="METHOD" missed="0" covered="1"/></method><method name="getTipo" desc="()Ljava/lang/String;" line="14"><counter type="INSTRUCTION" missed="0" covered="9"/><counter type="LINE" missed="0" covered="1"/><counter type="COMPLEXITY" missed="0" covered="1"/><counter type="METHOD" missed="0" covered="1"/></method><method name="nomePietra" desc="()Ljava/lang/String;" line="18"><counter type="INSTRUCTION" missed="0" covered="4"/><counter type="LINE" missed="0" covered="1"/><counter type="COMPLEXITY" missed="0" covered="1"/><counter type="METHOD" missed="0" covered="1"/></method><method name="getDanno" desc="()F" line="23"><counter type="INSTRUCTION" missed="0" covered="7"/><counter type="LINE" missed="0" covered="1"/><counter type="COMPLEXITY" missed="0" covered="1"/><counter type="METHOD" missed="0" covered="1"/></method><method name="generaDanno" desc="()F" line="28"><counter type="INSTRUCTION" missed="0" covered="7"/><counter type="LINE" missed="0" covered="1"/><counter type="COMPLEXITY" missed="0" covered="1"/><counter type="METHOD" missed="0" covered="1"/></method><counter type="INSTRUCTION" missed="0" covered="37"/><counter type="LINE" missed="0" covered="8"/><counter type="COMPLEXITY" missed="0" covered="5"/><counter type="METHOD" missed="0" covered="5"/><counter type="CLASS" missed="0" covered="1"/></class><class name="com/seminara/text_dungeon/PietraNera" sourcefilename="PietraNera.java"><method name="&lt;init&gt;" desc="()V" line="3"><counter type="INSTRUCTION" missed="0" covered="3"/><counter type="LINE" missed="0" covered="1"/><counter type="COMPLEXITY" missed="0" covered="1"/><counter type="METHOD" missed="0" covered="1"/></method><method name="getTipo" desc="()Ljava/lang/String;" line="7"><counter type="INSTRUCTION" missed="0" covered="2"/><counter type="LINE" missed="0" covered="1"/><counter type="COMPLEXITY" missed="0" covered="1"/><counter type="METHOD" missed="0" covered="1"/></method><method name="moltiplicatoreDanno" desc="()F" line="12"><counter type="INSTRUCTION" missed="0" covered="7"/><counter type="BRANCH" missed="0" covered="2"/><counter type="LINE" missed="0" covered="3"/><counter type="COMPLEXITY" missed="0" covered="2"/><counter type="METHOD" missed="0" covered="1"/></method><method name="probabilitaAumentoDanno" desc="()Z" line="19"><counter type="INSTRUCTION" missed="0" covered="8"/><counter type="BRANCH" missed="0" covered="2"/><counter type="LINE" missed="0" covered="1"/><counter type="COMPLEXITY" missed="0" covered="2"/><counter type="METHOD" missed="0" covered="1"/></method><counter type="INSTRUCTION" missed="0" covered="20"/><counter type="BRANCH" missed="0" covered="4"/><counter type="LINE" missed="0" covered="6"/><counter type="COMPLEXITY" missed="0" covered="6"/><counter type="METHOD" missed="0" covered="4"/><counter type="CLASS" missed="0" covered="1"/></class><class name="com/seminara/text_dungeon/App" sourcefilename="App.java"><method name="&lt;init&gt;" desc="()V" line="4"><counter type="INSTRUCTION" missed="3" covered="0"/><counter type="LINE" missed="1" covered="0"/><counter type="COMPLEXITY" missed="1" covered="0"/><counter type="METHOD" missed="1" covered="0"/></method><method name="main" desc="([Ljava/lang/String;)V" line="8"><counter type="INSTRUCTION" missed="4" covered="0"/><counter type="LINE" missed="2" covered="0"/><counter type="COMPLEXITY" missed="1" covered="0"/><counter type="METHOD" missed="1" covered="0"/></method><counter type="INSTRUCTION" missed="7" covered="0"/><counter type="LINE" missed="3" covered="0"/><counter type="COMPLEXITY" missed="2" covered="0"/><counter type="METHOD" missed="2" covered="0"/><counter type="CLASS" missed="1" covered="0"/></class><class name="com/seminara/text_dungeon/PietraGrigia" sourcefilename="PietraGrigia.java"><method name="&lt;init&gt;" desc="()V" line="3"><counter type="INSTRUCTION" missed="0" covered="3"/><counter type="LINE" missed="0" covered="1"/><counter type="COMPLEXITY" missed="0" covered="1"/><counter type="METHOD" missed="0" covered="1"/></method><method name="getTipo" desc="()Ljava/lang/String;" line="7"><counter type="INSTRUCTION" missed="0" covered="2"/><counter type="LINE" missed="0" covered="1"/><counter type="COMPLEXITY" missed="0" covered="1"/><counter type="METHOD" missed="0" covered="1"/></method><method name="moltiplicatoreDanno" desc="()F" line="12"><counter type="INSTRUCTION" missed="0" covered="2"/><counter type="LINE" missed="0" covered="1"/><counter type="COMPLEXITY" missed="0" covered="1"/><counter type="METHOD" missed="0" covered="1"/></method><counter type="INSTRUCTION" missed="0" covered="7"/><counter type="LINE" missed="0" covered="3"/><counter type="COMPLEXITY" missed="0" covered="3"/><counter type="METHOD" missed="0" covered="3"/><counter type="CLASS" missed="0" covered="1"/></class><class name="com/seminara/text_dungeon/Ascia" sourcefilename="Ascia.java"><method name="&lt;init&gt;" desc="(Lcom/seminara/text_dungeon/Pietra;)V" line="7"><counter type="INSTRUCTION" missed="0" covered="10"/><counter type="LINE" missed="0" covered="4"/><counter type="COMPLEXITY" missed="0" covered="1"/><counter type="METHOD" missed="0" covered="1"/></method><method name="getTipo" desc="()Ljava/lang/String;" line="14"><counter type="INSTRUCTION" missed="0" covered="9"/><counter type="LINE" missed="0" covered="1"/><counter type="COMPLEXITY" missed="0" covered="1"/><counter type="METHOD" missed="0" covered="1"/></method><method name="nomePietra" desc="()Ljava/lang/String;" line="18"><counter type="INSTRUCTION" missed="0" covered="4"/><counter type="LINE" missed="0" covered="1"/><counter type="COMPLEXITY" missed="0" covered="1"/><counter type="METHOD" missed="0" covered="1"/></method><method name="getDanno" desc="()F" line="23"><counter type="INSTRUCTION" missed="0" covered="7"/><counter type="LINE" missed="0" covered="1"/><counter type="COMPLEXITY" missed="0" covered="1"/><counter type="METHOD" missed="0" covered="1"/></method><method name="generaDanno" desc="()F" line="28"><counter type="INSTRUCTION" missed="0" covered="7"/><counter type="LINE" missed="0" covered="1"/><counter type="COMPLEXITY" missed="0" covered="1"/><counter type="METHOD" missed="0" covered="1"/></method><counter type="INSTRUCTION" missed="0" covered="37"/><counter type="LINE" missed="0" covered="8"/><counter type="COMPLEXITY" missed="0" covered="5"/><counter type="METHOD" missed="0" covered="5"/><counter type="CLASS" missed="0" covered="1"/></class><class name="com/seminara/text_dungeon/Arma" sourcefilename="Arma.java"/><sourcefile name="Mannaia.java"><line nr="7" mi="0" ci="2" mb="0" cb="0"/><line nr="8" mi="0" ci="3" mb="0" cb="0"/><line nr="9" mi="0" ci="4" mb="0" cb="0"/><line nr="10" mi="0" ci="1" mb="0" cb="0"/><line nr="14" mi="0" ci="9" mb="0" cb="0"/><line nr="18" mi="0" ci="4" mb="0" cb="0"/><line nr="23" mi="0" ci="7" mb="0" cb="0"/><line nr="28" mi="0" ci="7" mb="0" cb="0"/><counter type="INSTRUCTION" missed="0" covered="37"/><counter type="LINE" missed="0" covered="8"/><counter type="COMPLEXITY" missed="0" covered="5"/><counter type="METHOD" missed="0" covered="5"/><counter type="CLASS" missed="0" covered="1"/></sourcefile><sourcefile name="PietraBianca.java"><line nr="3" mi="0" ci="3" mb="0" cb="0"/><line nr="7" mi="0" ci="2" mb="0" cb="0"/><line nr="12" mi="0" ci="3" mb="0" cb="2"/><line nr="13" mi="0" ci="2" mb="0" cb="0"/><line nr="15" mi="0" ci="2" mb="0" cb="0"/><line nr="19" mi="0" ci="8" mb="0" cb="2"/><counter type="INSTRUCTION" missed="0" covered="20"/><counter type="BRANCH" missed="0" covered="4"/><counter type="LINE" missed="0" covered="6"/><counter type="COMPLEXITY" missed="0" covered="6"/><counter type="METHOD" missed="0" covered="4"/><counter type="CLASS" missed="0" covered="1"/></sourcefile><sourcefile name="PietraGrigia.java"><line nr="3" mi="0" ci="3" mb="0" cb="0"/><line nr="7" mi="0" ci="2" mb="0" cb="0"/><line nr="12" mi="0" ci="2" mb="0" cb="0"/><counter type="INSTRUCTION" missed="0" covered="7"/><counter type="LINE" missed="0" covered="3"/><counter type="COMPLEXITY" missed="0" covered="3"/><counter type="METHOD" missed="0" covered="3"/><counter type="CLASS" missed="0" covered="1"/></sourcefile><sourcefile name="Arma.java"/><sourcefile name="Pietra.java"/><sourcefile name="Ascia.java"><line nr="7" mi="0" ci="2" mb="0" cb="0"/><line nr="8" mi="0" ci="3" mb="0" cb="0"/><line nr="9" mi="0" ci="4" mb="0" cb="0"/><line nr="10" mi="0" ci="1" mb="0" cb="0"/><line nr="14" mi="0" ci="9" mb="0" cb="0"/><line nr="18" mi="0" ci="4" mb="0" cb="0"/><line nr="23" mi="0" ci="7" mb="0" cb="0"/><line nr="28" mi="0" ci="7" mb="0" cb="0"/><counter type="INSTRUCTION" missed="0" covered="37"/><counter type="LINE" missed="0" covered="8"/><counter type="COMPLEXITY" missed="0" covered="5"/><counter type="METHOD" missed="0" covered="5"/><counter type="CLASS" missed="0" covered="1"/></sourcefile><sourcefile name="PietraNera.java"><line nr="3" mi="0" ci="3" mb="0" cb="0"/><line nr="7" mi="0" ci="2" mb="0" cb="0"/><line nr="12" mi="0" ci="3" mb="0" cb="2"/><line nr="13" mi="0" ci="2" mb="0" cb="0"/><line nr="15" mi="0" ci="2" mb="0" cb="0"/><line nr="19" mi="0" ci="8" mb="0" cb="2"/><counter type="INSTRUCTION" missed="0" covered="20"/><counter type="BRANCH" missed="0" covered="4"/><counter type="LINE" missed="0" covered="6"/><counter type="COMPLEXITY" missed="0" covered="6"/><counter type="METHOD" missed="0" covered="4"/><counter type="CLASS" missed="0" covered="1"/></sourcefile><sourcefile name="Spada.java"><line nr="7" mi="0" ci="2" mb="0" cb="0"/><line nr="8" mi="0" ci="3" mb="0" cb="0"/><line nr="9" mi="0" ci="4" mb="0" cb="0"/><line nr="10" mi="0" ci="1" mb="0" cb="0"/><line nr="14" mi="0" ci="9" mb="0" cb="0"/><line nr="18" mi="0" ci="4" mb="0" cb="0"/><line nr="23" mi="0" ci="7" mb="0" cb="0"/><line nr="28" mi="0" ci="7" mb="0" cb="0"/><counter type="INSTRUCTION" missed="0" covered="37"/><counter type="LINE" missed="0" covered="8"/><counter type="COMPLEXITY" missed="0" covered="5"/><counter type="METHOD" missed="0" covered="5"/><counter type="CLASS" missed="0" covered="1"/></sourcefile><sourcefile name="App.java"><line nr="4" mi="3" ci="0" mb="0" cb="0"/><line nr="8" mi="3" ci="0" mb="0" cb="0"/><line nr="9" mi="1" ci="0" mb="0" cb="0"/><counter type="INSTRUCTION" missed="7" covered="0"/><counter type="LINE" missed="3" covered="0"/><counter type="COMPLEXITY" missed="2" covered="0"/><counter type="METHOD" missed="2" covered="0"/><counter type="CLASS" missed="1" covered="0"/></sourcefile><counter type="INSTRUCTION" missed="7" covered="158"/><counter type="BRANCH" missed="0" covered="8"/><counter type="LINE" missed="3" covered="39"/><counter type="COMPLEXITY" missed="2" covered="30"/><counter type="METHOD" missed="2" covered="26"/><counter type="CLASS" missed="1" covered="6"/></package><counter type="INSTRUCTION" missed="7" covered="158"/><counter type="BRANCH" missed="0" covered="8"/><counter type="LINE" missed="3" covered="39"/><counter type="COMPLEXITY" missed="2" covered="30"/><counter type="METHOD" missed="2" covered="26"/><counter type="CLASS" missed="1" covered="6"/></report>