<?xml version="1.0" encoding="UTF-8" ?>
<testsuite tests="21" failures="0" name="com.seminara.text_dungeon.AppTest" time="0.205" errors="0" skipped="0">
  <properties>
[...]
</properties>
  <testcase classname="com.seminara.text_dungeon.AppTest" name="testApp" time="0.097"/>
  <testcase classname="com.seminara.text_dungeon.AppTest" name="testAscia" time="0"/>
  <testcase classname="com.seminara.text_dungeon.AppTest" name="testBosco" time="0.001"/>
  <testcase classname="com.seminara.text_dungeon.AppTest" name="testSpada" time="0"/>
  <testcase classname="com.seminara.text_dungeon.AppTest" name="testPartita" time="0.041"/>
  <testcase classname="com.seminara.text_dungeon.AppTest" name="testGame" time="0.042"/>
  <testcase classname="com.seminara.text_dungeon.AppTest" name="testBattleSystem" time="0"/>
  <testcase classname="com.seminara.text_dungeon.AppTest" name="testGeneraArma" time="0"/>
  <testcase classname="com.seminara.text_dungeon.AppTest" name="testPietraBianca" time="0.001"/>
  <testcase classname="com.seminara.text_dungeon.AppTest" name="testGiocatore" time="0.013"/>
  <testcase classname="com.seminara.text_dungeon.AppTest" name="testPietraGrigia" time="0.005"/>
  <testcase classname="com.seminara.text_dungeon.AppTest" name="testBattaglia" time="0.001"/>
  <testcase classname="com.seminara.text_dungeon.AppTest" name="testChimera" time="0"/>
  <testcase classname="com.seminara.text_dungeon.AppTest" name="testCiclope" time="0.001"/>
  <testcase classname="com.seminara.text_dungeon.AppTest" name="testMannaia" time="0"/>
  <testcase classname="com.seminara.text_dungeon.AppTest" name="testPietraNera" time="0"/>
  <testcase classname="com.seminara.text_dungeon.AppTest" name="testDeserto" time="0"/>
  <testcase classname="com.seminara.text_dungeon.AppTest" name="testGoblin" time="0"/>
  <testcase classname="com.seminara.text_dungeon.AppTest" name="testNemico" time="0.001"/>
  <testcase classname="com.seminara.text_dungeon.AppTest" name="testGeneraPietra" time="0.001"/>
  <testcase classname="com.seminara.text_dungeon.AppTest" name="testStrega" time="0.001"/>
</testsuite>